crimson/crimson1/build/intermediates/manifest_merge_blame_file/release/manifest-merger-blame-release-report.txt
1<?xml version="1.0" encoding="utf-8"?>
2<manifest xmlns:android="http://schemas.android.com/apk/res/android"
3    package="com.example.crimson"
4    android:versionCode="1"
5    android:versionName="1.0" >
6
7    <uses-sdk
8        android:minSdkVersion="26"
8-->src/main/AndroidManifest.xml
9        android:targetSdkVersion="29" />
9-->src/main/AndroidManifest.xml
10
11    <uses-permission android:name="android.permission.INTERNET" />
11-->src/main/AndroidManifest.xml:7:5-67
11-->src/main/AndroidManifest.xml:7:22-64
12    <uses-permission android:name="android.permission.ACCESS_NETWORK_STATE" />
12-->src/main/AndroidManifest.xml:8:5-79
12-->src/main/AndroidManifest.xml:8:22-76
13    <uses-permission android:name="android.permission.ACCESS_WIFI_STATE" />
13-->src/main/AndroidManifest.xml:9:5-76
13-->src/main/AndroidManifest.xml:9:22-73
14    <uses-permission android:name="android.permission.WRITE_EXTERNAL_STORAGE" />
14-->src/main/AndroidManifest.xml:10:5-80
14-->src/main/AndroidManifest.xml:10:22-78
15    <uses-permission android:name="android.permission.READ_EXTERNAL_STORAGE" />
15-->src/main/AndroidManifest.xml:11:5-80
15-->src/main/AndroidManifest.xml:11:22-77
16    <uses-permission android:name="android.permission.CAMERA" />
16-->src/main/AndroidManifest.xml:12:5-64
16-->src/main/AndroidManifest.xml:12:22-62
17    <uses-permission android:name="android.permission.ACCESS_FINE_LOCATION" />
17-->src/main/AndroidManifest.xml:13:5-79
17-->src/main/AndroidManifest.xml:13:22-76
18    <uses-permission android:name="android.permission.VIBRATE" />
18-->src/main/AndroidManifest.xml:14:5-66
18-->src/main/AndroidManifest.xml:14:22-63
19    <uses-permission android:name="android.permission.WAKE_LOCK" />
19-->src/main/AndroidManifest.xml:15:5-68
19-->src/main/AndroidManifest.xml:15:22-65
20
21    <application
21-->src/main/AndroidManifest.xml:16:5-32:19
22        android:allowBackup="true"
22-->src/main/AndroidManifest.xml:17:9-35
23        android:appComponentFactory="androidx.core.app.CoreComponentFactory"
23-->[androidx.core:core:1.0.1] AndroidManifest.xml:22:18-86
24        android:icon="@drawable/ic_launcher1"
24-->src/main/AndroidManifest.xml:18:9-46
25        android:label="@string/app_name"
25-->src/main/AndroidManifest.xml:19:9-41
26        android:supportsRtl="true"
26-->src/main/AndroidManifest.xml:20:9-35
27        android:theme="@style/AppTheme.NoActionBar" >
27-->src/main/AndroidManifest.xml:21:9-52
28        <activity
28-->src/main/AndroidManifest.xml:24:9-30:20
29            android:name="com.example.crimson.MainActivity"
29-->src/main/AndroidManifest.xml:24:19-46
30            android:label="crimson" >
30-->src/main/AndroidManifest.xml:25:19-42
31            <intent-filter>
31-->src/main/AndroidManifest.xml:26:13-29:29
32                <action android:name="android.intent.action.MAIN" />
32-->src/main/AndroidManifest.xml:27:17-69
32-->src/main/AndroidManifest.xml:27:25-66
33
34                <category android:name="android.intent.category.LAUNCHER" />
34-->src/main/AndroidManifest.xml:28:17-77
34-->src/main/AndroidManifest.xml:28:27-74
35            </intent-filter>
36        </activity>
37    </application>
38
39</manifest><!--
40 android:allowBackup="true"
41        android:roundIcon="@mipmap/ic_launcher_round"
42        android:supportsRtl="true"
43        android:theme="@style/AppTheme">
44-->